<?xml version="1.0" encoding="UTF-8"?>
<!-- Generated by org.testng.reporters.JUnitReportReporter -->
<testsuite skipped="0" hostname="DESKTOP-D8BOJSA" name="postfreeadd.PostFreeAddTest" tests="1" failures="0" timestamp="2022-11-27T21:28:34 EST" time="0.010" errors="0">
  <testcase name="helloWord" time="0.010" classname="postfreeadd.PostFreeAddTest"/>
  <system-out/>
</testsuite> <!-- postfreeadd.PostFreeAddTest -->
